<!DOCTYPE HTML PUBLIC "-//W3C//DTD HTML 4.01 Transitional//EN" "http://www.w3.org/TR/html4/loose.dtd">
<html>
<head>
<title>Sony_Test_Results</title>
<style type="text/css">
<!--
body, table {font-family: arial,sans-serif; font-size: x-small;}
th {background: #336699; color: #FFFFFF; text-align: left;}
-->
</style>
</head>
<body bgcolor="#FFFFFF" topmargin="6" leftmargin="6">
<hr size="1" noshade>
Log session start time Fri May 01 09:27:18 BDT 2020<br>
<br>
<table cellspacing="0" cellpadding="4" border="1" bordercolor="#224466" width="100%">
<tr>
<th>Time</th>
<th>Thread</th>
<th>Level</th>
<th>Category</th>
<th>File:Line</th>
<th>Message</th>
</tr>

<tr>
<td>0</td>
<td title="main thread">main</td>
<td title="Level">INFO</td>
<td title="com.codeborne.selenide.impl.WebDriverThreadLocalContainer category">com.codeborne.selenide.impl.WebDriverThreadLocalContainer</td>
<td>WebDriverThreadLocalContainer.java:119</td>
<td title="Message">No webdriver is bound to current thread: 1 - let's create a new webdriver</td>
</tr>

<tr>
<td>953</td>
<td title="main thread">main</td>
<td title="Level">INFO</td>
<td title="io.github.bonigarcia.wdm.WebDriverManager category">io.github.bonigarcia.wdm.WebDriverManager</td>
<td>WebDriverManager.java:615</td>
<td title="Message">Using chromedriver 81.0.4044.69 (since Google Chrome 81 is installed in your machine)</td>
</tr>

<tr>
<td>969</td>
<td title="main thread">main</td>
<td title="Level">INFO</td>
<td title="io.github.bonigarcia.wdm.WebDriverManager category">io.github.bonigarcia.wdm.WebDriverManager</td>
<td>WebDriverManager.java:1113</td>
<td title="Message">Exporting webdriver.chrome.driver as C:\Users\Shantonu\.m2\repository\webdriver\chromedriver\win32\81.0.4044.69\chromedriver.exe</td>
</tr>

<tr>
<td>6918</td>
<td title="main thread">main</td>
<td title="Level">INFO</td>
<td title="com.codeborne.selenide.webdriver.BrowserResizer category">com.codeborne.selenide.webdriver.BrowserResizer</td>
<td>BrowserResizer.java:30</td>
<td title="Message">Set browser size to 1366x768</td>
</tr>

<tr>
<td>7054</td>
<td title="main thread">main</td>
<td title="Level">INFO</td>
<td title="com.codeborne.selenide.webdriver.WebDriverFactory category">com.codeborne.selenide.webdriver.WebDriverFactory</td>
<td>WebDriverFactory.java:73</td>
<td title="Message">BrowserName=chrome Version=81.0.4044.129 Platform=WINDOWS</td>
</tr>

<tr>
<td>7054</td>
<td title="main thread">main</td>
<td title="Level">INFO</td>
<td title="com.codeborne.selenide.webdriver.WebDriverFactory category">com.codeborne.selenide.webdriver.WebDriverFactory</td>
<td>WebDriverFactory.java:58</td>
<td title="Message">Selenide v. 5.11.1</td>
</tr>

<tr>
<td>7054</td>
<td title="main thread">main</td>
<td title="Level">INFO</td>
<td title="com.codeborne.selenide.webdriver.WebDriverFactory category">com.codeborne.selenide.webdriver.WebDriverFactory</td>
<td>WebDriverFactory.java:66</td>
<td title="Message">Selenium WebDriver v. 3.141.59 build time: 2018-11-14T08:17:03</td>
</tr>

<tr>
<td>7054</td>
<td title="main thread">main</td>
<td title="Level">INFO</td>
<td title="com.codeborne.selenide.drivercommands.CreateDriverCommand category">com.codeborne.selenide.drivercommands.CreateDriverCommand</td>
<td>CreateDriverCommand.java:47</td>
<td title="Message">Create webdriver in current thread 1: ChromeDriver -&gt; ChromeDriver: chrome on WINDOWS (4c9db609100b305072032fe2dc1d6b7d)</td>
</tr>

<tr>
<td>17673</td>
<td title="main thread">main</td>
<td title="Level"><font color="#993300"><strong>WARN</strong></font></td>
<td title="com.codeborne.selenide.impl.PageSourceExtractor category">com.codeborne.selenide.impl.PageSourceExtractor</td>
<td>PageSourceExtractor.java:45</td>
<td title="Message">Failed to save page source to 1588303655992.0</td>
</tr>
<tr><td bgcolor="#993300" style="color:White; font-size : xx-small;" colspan="6">org.openqa.selenium.NoSuchWindowException: no such window: target window already closed
<br>&nbsp;&nbsp;&nbsp;&nbsp;from unknown error: web view not found
<br>&nbsp;&nbsp;&nbsp;&nbsp;  (Session info: chrome=81.0.4044.129)
<br>&nbsp;&nbsp;&nbsp;&nbsp;Build info: version: '3.141.59', revision: 'e82be7d358', time: '2018-11-14T08:17:03'
<br>&nbsp;&nbsp;&nbsp;&nbsp;System info: host: 'SAGER-NP8954-P9', ip: '169.254.247.254', os.name: 'Windows 10', os.arch: 'amd64', os.version: '10.0', java.version: '1.8.0_231'
<br>&nbsp;&nbsp;&nbsp;&nbsp;Driver info: org.openqa.selenium.chrome.ChromeDriver
<br>&nbsp;&nbsp;&nbsp;&nbsp;Capabilities {acceptInsecureCerts: true, browserName: chrome, browserVersion: 81.0.4044.129, chrome: {chromedriverVersion: 81.0.4044.69 (6813546031a4b..., userDataDir: C:\Users\Shantonu\AppData\L...}, goog:chromeOptions: {debuggerAddress: localhost:49821}, javascriptEnabled: true, networkConnectionEnabled: false, pageLoadStrategy: normal, platform: WINDOWS, platformName: WINDOWS, proxy: Proxy(), setWindowRect: true, strictFileInteractability: false, timeouts: {implicit: 0, pageLoad: 300000, script: 30000}, unhandledPromptBehavior: dismiss and notify, webauthn:virtualAuthenticators: true}
<br>&nbsp;&nbsp;&nbsp;&nbsp;Session ID: 4c9db609100b305072032fe2dc1d6b7d
<br>&nbsp;&nbsp;&nbsp;&nbsp;	at sun.reflect.NativeConstructorAccessorImpl.newInstance0(Native Method)
<br>&nbsp;&nbsp;&nbsp;&nbsp;	at sun.reflect.NativeConstructorAccessorImpl.newInstance(NativeConstructorAccessorImpl.java:62)
<br>&nbsp;&nbsp;&nbsp;&nbsp;	at sun.reflect.DelegatingConstructorAccessorImpl.newInstance(DelegatingConstructorAccessorImpl.java:45)
<br>&nbsp;&nbsp;&nbsp;&nbsp;	at java.lang.reflect.Constructor.newInstance(Constructor.java:423)
<br>&nbsp;&nbsp;&nbsp;&nbsp;	at org.openqa.selenium.remote.http.W3CHttpResponseCodec.createException(W3CHttpResponseCodec.java:187)
<br>&nbsp;&nbsp;&nbsp;&nbsp;	at org.openqa.selenium.remote.http.W3CHttpResponseCodec.decode(W3CHttpResponseCodec.java:122)
<br>&nbsp;&nbsp;&nbsp;&nbsp;	at org.openqa.selenium.remote.http.W3CHttpResponseCodec.decode(W3CHttpResponseCodec.java:49)
<br>&nbsp;&nbsp;&nbsp;&nbsp;	at org.openqa.selenium.remote.HttpCommandExecutor.execute(HttpCommandExecutor.java:158)
<br>&nbsp;&nbsp;&nbsp;&nbsp;	at org.openqa.selenium.remote.service.DriverCommandExecutor.execute(DriverCommandExecutor.java:83)
<br>&nbsp;&nbsp;&nbsp;&nbsp;	at org.openqa.selenium.remote.RemoteWebDriver.execute(RemoteWebDriver.java:552)
<br>&nbsp;&nbsp;&nbsp;&nbsp;	at org.openqa.selenium.remote.RemoteWebDriver.execute(RemoteWebDriver.java:609)
<br>&nbsp;&nbsp;&nbsp;&nbsp;	at org.openqa.selenium.remote.RemoteWebDriver.getPageSource(RemoteWebDriver.java:438)
<br>&nbsp;&nbsp;&nbsp;&nbsp;	at com.codeborne.selenide.impl.PageSourceExtractor.extract(PageSourceExtractor.java:37)
<br>&nbsp;&nbsp;&nbsp;&nbsp;	at com.codeborne.selenide.impl.ScreenShotLaboratory.savePageSourceToFile(ScreenShotLaboratory.java:278)
<br>&nbsp;&nbsp;&nbsp;&nbsp;	at com.codeborne.selenide.impl.ScreenShotLaboratory.takeScreenShot(ScreenShotLaboratory.java:91)
<br>&nbsp;&nbsp;&nbsp;&nbsp;	at com.codeborne.selenide.impl.ScreenShotLaboratory.lambda$null$1(ScreenShotLaboratory.java:85)
<br>&nbsp;&nbsp;&nbsp;&nbsp;	at com.codeborne.selenide.impl.ScreenShotLaboratory.ifReportsFolderNotNull(ScreenShotLaboratory.java:445)
<br>&nbsp;&nbsp;&nbsp;&nbsp;	at com.codeborne.selenide.impl.ScreenShotLaboratory.lambda$takeScreenShot$2(ScreenShotLaboratory.java:84)
<br>&nbsp;&nbsp;&nbsp;&nbsp;	at com.codeborne.selenide.impl.ScreenShotLaboratory.ifWebDriverStarted(ScreenShotLaboratory.java:437)
<br>&nbsp;&nbsp;&nbsp;&nbsp;	at com.codeborne.selenide.impl.ScreenShotLaboratory.takeScreenShot(ScreenShotLaboratory.java:83)
<br>&nbsp;&nbsp;&nbsp;&nbsp;	at com.codeborne.selenide.impl.ScreenShotLaboratory.takeScreenShot(ScreenShotLaboratory.java:72)
<br>&nbsp;&nbsp;&nbsp;&nbsp;	at com.codeborne.selenide.impl.ScreenShotLaboratory.formatScreenShotPath(ScreenShotLaboratory.java:378)
<br>&nbsp;&nbsp;&nbsp;&nbsp;	at com.codeborne.selenide.ex.UIAssertionError.wrapThrowable(UIAssertionError.java:62)
<br>&nbsp;&nbsp;&nbsp;&nbsp;	at com.codeborne.selenide.ex.UIAssertionError.wrap(UIAssertionError.java:55)
<br>&nbsp;&nbsp;&nbsp;&nbsp;	at com.codeborne.selenide.impl.SelenideElementProxy.invoke(SelenideElementProxy.java:71)
<br>&nbsp;&nbsp;&nbsp;&nbsp;	at com.sun.proxy.$Proxy4.val(Unknown Source)
<br>&nbsp;&nbsp;&nbsp;&nbsp;	at org.automation.tests.google.InitialTest.search_google(InitialTest.java:15)
<br>&nbsp;&nbsp;&nbsp;&nbsp;	at sun.reflect.NativeMethodAccessorImpl.invoke0(Native Method)
<br>&nbsp;&nbsp;&nbsp;&nbsp;	at sun.reflect.NativeMethodAccessorImpl.invoke(NativeMethodAccessorImpl.java:62)
<br>&nbsp;&nbsp;&nbsp;&nbsp;	at sun.reflect.DelegatingMethodAccessorImpl.invoke(DelegatingMethodAccessorImpl.java:43)
<br>&nbsp;&nbsp;&nbsp;&nbsp;	at java.lang.reflect.Method.invoke(Method.java:498)
<br>&nbsp;&nbsp;&nbsp;&nbsp;	at org.junit.runners.model.FrameworkMethod$1.runReflectiveCall(FrameworkMethod.java:59)
<br>&nbsp;&nbsp;&nbsp;&nbsp;	at org.junit.internal.runners.model.ReflectiveCallable.run(ReflectiveCallable.java:12)
<br>&nbsp;&nbsp;&nbsp;&nbsp;	at org.junit.runners.model.FrameworkMethod.invokeExplosively(FrameworkMethod.java:56)
<br>&nbsp;&nbsp;&nbsp;&nbsp;	at org.junit.internal.runners.statements.InvokeMethod.evaluate(InvokeMethod.java:17)
<br>&nbsp;&nbsp;&nbsp;&nbsp;	at org.junit.runners.ParentRunner$3.evaluate(ParentRunner.java:306)
<br>&nbsp;&nbsp;&nbsp;&nbsp;	at org.junit.runners.BlockJUnit4ClassRunner$1.evaluate(BlockJUnit4ClassRunner.java:100)
<br>&nbsp;&nbsp;&nbsp;&nbsp;	at org.junit.runners.ParentRunner.runLeaf(ParentRunner.java:366)
<br>&nbsp;&nbsp;&nbsp;&nbsp;	at org.junit.runners.BlockJUnit4ClassRunner.runChild(BlockJUnit4ClassRunner.java:103)
<br>&nbsp;&nbsp;&nbsp;&nbsp;	at org.junit.runners.BlockJUnit4ClassRunner.runChild(BlockJUnit4ClassRunner.java:63)
<br>&nbsp;&nbsp;&nbsp;&nbsp;	at org.junit.runners.ParentRunner$4.run(ParentRunner.java:331)
<br>&nbsp;&nbsp;&nbsp;&nbsp;	at org.junit.runners.ParentRunner$1.schedule(ParentRunner.java:79)
<br>&nbsp;&nbsp;&nbsp;&nbsp;	at org.junit.runners.ParentRunner.runChildren(ParentRunner.java:329)
<br>&nbsp;&nbsp;&nbsp;&nbsp;	at org.junit.runners.ParentRunner.access$100(ParentRunner.java:66)
<br>&nbsp;&nbsp;&nbsp;&nbsp;	at org.junit.runners.ParentRunner$2.evaluate(ParentRunner.java:293)
<br>&nbsp;&nbsp;&nbsp;&nbsp;	at org.junit.runners.ParentRunner$3.evaluate(ParentRunner.java:306)
<br>&nbsp;&nbsp;&nbsp;&nbsp;	at org.junit.runners.ParentRunner.run(ParentRunner.java:413)
<br>&nbsp;&nbsp;&nbsp;&nbsp;	at org.junit.runner.JUnitCore.run(JUnitCore.java:137)
<br>&nbsp;&nbsp;&nbsp;&nbsp;	at com.intellij.junit4.JUnit4IdeaTestRunner.startRunnerWithArgs(JUnit4IdeaTestRunner.java:68)
<br>&nbsp;&nbsp;&nbsp;&nbsp;	at com.intellij.rt.junit.IdeaTestRunner$Repeater.startRunnerWithArgs(IdeaTestRunner.java:33)
<br>&nbsp;&nbsp;&nbsp;&nbsp;	at com.intellij.rt.junit.JUnitStarter.prepareStreamsAndStart(JUnitStarter.java:230)
<br>&nbsp;&nbsp;&nbsp;&nbsp;	at com.intellij.rt.junit.JUnitStarter.main(JUnitStarter.java:58)
</td></tr>

<tr>
<td>17673</td>
<td title="main thread">main</td>
<td title="Level">INFO</td>
<td title="com.codeborne.selenide.impl.PageSourceExtractor category">com.codeborne.selenide.impl.PageSourceExtractor</td>
<td>PageSourceExtractor.java:88</td>
<td title="Message">Creating folder: build\reports\tests</td>
</tr>

<tr>
<td>17688</td>
<td title="main thread">main</td>
<td title="Level"><font color="#993300"><strong>ERROR</strong></font></td>
<td title="com.codeborne.selenide.impl.ScreenShotLaboratory category">com.codeborne.selenide.impl.ScreenShotLaboratory</td>
<td>ScreenShotLaboratory.java:292</td>
<td title="Message">Failed to take screenshot to 1588303655992.0</td>
</tr>
<tr><td bgcolor="#993300" style="color:White; font-size : xx-small;" colspan="6">org.openqa.selenium.NoSuchWindowException: no such window: target window already closed
<br>&nbsp;&nbsp;&nbsp;&nbsp;from unknown error: web view not found
<br>&nbsp;&nbsp;&nbsp;&nbsp;  (Session info: chrome=81.0.4044.129)
<br>&nbsp;&nbsp;&nbsp;&nbsp;Build info: version: '3.141.59', revision: 'e82be7d358', time: '2018-11-14T08:17:03'
<br>&nbsp;&nbsp;&nbsp;&nbsp;System info: host: 'SAGER-NP8954-P9', ip: '169.254.247.254', os.name: 'Windows 10', os.arch: 'amd64', os.version: '10.0', java.version: '1.8.0_231'
<br>&nbsp;&nbsp;&nbsp;&nbsp;Driver info: org.openqa.selenium.chrome.ChromeDriver
<br>&nbsp;&nbsp;&nbsp;&nbsp;Capabilities {acceptInsecureCerts: true, browserName: chrome, browserVersion: 81.0.4044.129, chrome: {chromedriverVersion: 81.0.4044.69 (6813546031a4b..., userDataDir: C:\Users\Shantonu\AppData\L...}, goog:chromeOptions: {debuggerAddress: localhost:49821}, javascriptEnabled: true, networkConnectionEnabled: false, pageLoadStrategy: normal, platform: WINDOWS, platformName: WINDOWS, proxy: Proxy(), setWindowRect: true, strictFileInteractability: false, timeouts: {implicit: 0, pageLoad: 300000, script: 30000}, unhandledPromptBehavior: dismiss and notify, webauthn:virtualAuthenticators: true}
<br>&nbsp;&nbsp;&nbsp;&nbsp;Session ID: 4c9db609100b305072032fe2dc1d6b7d
<br>&nbsp;&nbsp;&nbsp;&nbsp;	at sun.reflect.NativeConstructorAccessorImpl.newInstance0(Native Method)
<br>&nbsp;&nbsp;&nbsp;&nbsp;	at sun.reflect.NativeConstructorAccessorImpl.newInstance(NativeConstructorAccessorImpl.java:62)
<br>&nbsp;&nbsp;&nbsp;&nbsp;	at sun.reflect.DelegatingConstructorAccessorImpl.newInstance(DelegatingConstructorAccessorImpl.java:45)
<br>&nbsp;&nbsp;&nbsp;&nbsp;	at java.lang.reflect.Constructor.newInstance(Constructor.java:423)
<br>&nbsp;&nbsp;&nbsp;&nbsp;	at org.openqa.selenium.remote.http.W3CHttpResponseCodec.createException(W3CHttpResponseCodec.java:187)
<br>&nbsp;&nbsp;&nbsp;&nbsp;	at org.openqa.selenium.remote.http.W3CHttpResponseCodec.decode(W3CHttpResponseCodec.java:122)
<br>&nbsp;&nbsp;&nbsp;&nbsp;	at org.openqa.selenium.remote.http.W3CHttpResponseCodec.decode(W3CHttpResponseCodec.java:49)
<br>&nbsp;&nbsp;&nbsp;&nbsp;	at org.openqa.selenium.remote.HttpCommandExecutor.execute(HttpCommandExecutor.java:158)
<br>&nbsp;&nbsp;&nbsp;&nbsp;	at org.openqa.selenium.remote.service.DriverCommandExecutor.execute(DriverCommandExecutor.java:83)
<br>&nbsp;&nbsp;&nbsp;&nbsp;	at org.openqa.selenium.remote.RemoteWebDriver.execute(RemoteWebDriver.java:552)
<br>&nbsp;&nbsp;&nbsp;&nbsp;	at org.openqa.selenium.remote.RemoteWebDriver.execute(RemoteWebDriver.java:609)
<br>&nbsp;&nbsp;&nbsp;&nbsp;	at org.openqa.selenium.remote.RemoteWebDriver.getScreenshotAs(RemoteWebDriver.java:295)
<br>&nbsp;&nbsp;&nbsp;&nbsp;	at com.codeborne.selenide.impl.ScreenShotLaboratory.takeScreenshotImage(ScreenShotLaboratory.java:283)
<br>&nbsp;&nbsp;&nbsp;&nbsp;	at com.codeborne.selenide.impl.ScreenShotLaboratory.savePageImageToFile(ScreenShotLaboratory.java:272)
<br>&nbsp;&nbsp;&nbsp;&nbsp;	at com.codeborne.selenide.impl.ScreenShotLaboratory.takeScreenShot(ScreenShotLaboratory.java:94)
<br>&nbsp;&nbsp;&nbsp;&nbsp;	at com.codeborne.selenide.impl.ScreenShotLaboratory.lambda$null$1(ScreenShotLaboratory.java:85)
<br>&nbsp;&nbsp;&nbsp;&nbsp;	at com.codeborne.selenide.impl.ScreenShotLaboratory.ifReportsFolderNotNull(ScreenShotLaboratory.java:445)
<br>&nbsp;&nbsp;&nbsp;&nbsp;	at com.codeborne.selenide.impl.ScreenShotLaboratory.lambda$takeScreenShot$2(ScreenShotLaboratory.java:84)
<br>&nbsp;&nbsp;&nbsp;&nbsp;	at com.codeborne.selenide.impl.ScreenShotLaboratory.ifWebDriverStarted(ScreenShotLaboratory.java:437)
<br>&nbsp;&nbsp;&nbsp;&nbsp;	at com.codeborne.selenide.impl.ScreenShotLaboratory.takeScreenShot(ScreenShotLaboratory.java:83)
<br>&nbsp;&nbsp;&nbsp;&nbsp;	at com.codeborne.selenide.impl.ScreenShotLaboratory.takeScreenShot(ScreenShotLaboratory.java:72)
<br>&nbsp;&nbsp;&nbsp;&nbsp;	at com.codeborne.selenide.impl.ScreenShotLaboratory.formatScreenShotPath(ScreenShotLaboratory.java:378)
<br>&nbsp;&nbsp;&nbsp;&nbsp;	at com.codeborne.selenide.ex.UIAssertionError.wrapThrowable(UIAssertionError.java:62)
<br>&nbsp;&nbsp;&nbsp;&nbsp;	at com.codeborne.selenide.ex.UIAssertionError.wrap(UIAssertionError.java:55)
<br>&nbsp;&nbsp;&nbsp;&nbsp;	at com.codeborne.selenide.impl.SelenideElementProxy.invoke(SelenideElementProxy.java:71)
<br>&nbsp;&nbsp;&nbsp;&nbsp;	at com.sun.proxy.$Proxy4.val(Unknown Source)
<br>&nbsp;&nbsp;&nbsp;&nbsp;	at org.automation.tests.google.InitialTest.search_google(InitialTest.java:15)
<br>&nbsp;&nbsp;&nbsp;&nbsp;	at sun.reflect.NativeMethodAccessorImpl.invoke0(Native Method)
<br>&nbsp;&nbsp;&nbsp;&nbsp;	at sun.reflect.NativeMethodAccessorImpl.invoke(NativeMethodAccessorImpl.java:62)
<br>&nbsp;&nbsp;&nbsp;&nbsp;	at sun.reflect.DelegatingMethodAccessorImpl.invoke(DelegatingMethodAccessorImpl.java:43)
<br>&nbsp;&nbsp;&nbsp;&nbsp;	at java.lang.reflect.Method.invoke(Method.java:498)
<br>&nbsp;&nbsp;&nbsp;&nbsp;	at org.junit.runners.model.FrameworkMethod$1.runReflectiveCall(FrameworkMethod.java:59)
<br>&nbsp;&nbsp;&nbsp;&nbsp;	at org.junit.internal.runners.model.ReflectiveCallable.run(ReflectiveCallable.java:12)
<br>&nbsp;&nbsp;&nbsp;&nbsp;	at org.junit.runners.model.FrameworkMethod.invokeExplosively(FrameworkMethod.java:56)
<br>&nbsp;&nbsp;&nbsp;&nbsp;	at org.junit.internal.runners.statements.InvokeMethod.evaluate(InvokeMethod.java:17)
<br>&nbsp;&nbsp;&nbsp;&nbsp;	at org.junit.runners.ParentRunner$3.evaluate(ParentRunner.java:306)
<br>&nbsp;&nbsp;&nbsp;&nbsp;	at org.junit.runners.BlockJUnit4ClassRunner$1.evaluate(BlockJUnit4ClassRunner.java:100)
<br>&nbsp;&nbsp;&nbsp;&nbsp;	at org.junit.runners.ParentRunner.runLeaf(ParentRunner.java:366)
<br>&nbsp;&nbsp;&nbsp;&nbsp;	at org.junit.runners.BlockJUnit4ClassRunner.runChild(BlockJUnit4ClassRunner.java:103)
<br>&nbsp;&nbsp;&nbsp;&nbsp;	at org.junit.runners.BlockJUnit4ClassRunner.runChild(BlockJUnit4ClassRunner.java:63)
<br>&nbsp;&nbsp;&nbsp;&nbsp;	at org.junit.runners.ParentRunner$4.run(ParentRunner.java:331)
<br>&nbsp;&nbsp;&nbsp;&nbsp;	at org.junit.runners.ParentRunner$1.schedule(ParentRunner.java:79)
<br>&nbsp;&nbsp;&nbsp;&nbsp;	at org.junit.runners.ParentRunner.runChildren(ParentRunner.java:329)
<br>&nbsp;&nbsp;&nbsp;&nbsp;	at org.junit.runners.ParentRunner.access$100(ParentRunner.java:66)
<br>&nbsp;&nbsp;&nbsp;&nbsp;	at org.junit.runners.ParentRunner$2.evaluate(ParentRunner.java:293)
<br>&nbsp;&nbsp;&nbsp;&nbsp;	at org.junit.runners.ParentRunner$3.evaluate(ParentRunner.java:306)
<br>&nbsp;&nbsp;&nbsp;&nbsp;	at org.junit.runners.ParentRunner.run(ParentRunner.java:413)
<br>&nbsp;&nbsp;&nbsp;&nbsp;	at org.junit.runner.JUnitCore.run(JUnitCore.java:137)
<br>&nbsp;&nbsp;&nbsp;&nbsp;	at com.intellij.junit4.JUnit4IdeaTestRunner.startRunnerWithArgs(JUnit4IdeaTestRunner.java:68)
<br>&nbsp;&nbsp;&nbsp;&nbsp;	at com.intellij.rt.junit.IdeaTestRunner$Repeater.startRunnerWithArgs(IdeaTestRunner.java:33)
<br>&nbsp;&nbsp;&nbsp;&nbsp;	at com.intellij.rt.junit.JUnitStarter.prepareStreamsAndStart(JUnitStarter.java:230)
<br>&nbsp;&nbsp;&nbsp;&nbsp;	at com.intellij.rt.junit.JUnitStarter.main(JUnitStarter.java:58)
</td></tr>

<tr>
<td>17704</td>
<td title="Thread-1 thread">Thread-1</td>
<td title="Level">INFO</td>
<td title="com.codeborne.selenide.drivercommands.CloseDriverCommand category">com.codeborne.selenide.drivercommands.CloseDriverCommand</td>
<td>CloseDriverCommand.java:21</td>
<td title="Message">Close webdriver: 23 -&gt; ChromeDriver: chrome on WINDOWS (4c9db609100b305072032fe2dc1d6b7d)</td>
</tr>

<tr>
<td>17704</td>
<td title="Thread-3 thread">Thread-3</td>
<td title="Level">INFO</td>
<td title="com.codeborne.selenide.drivercommands.CloseDriverCommand category">com.codeborne.selenide.drivercommands.CloseDriverCommand</td>
<td>CloseDriverCommand.java:50</td>
<td title="Message">Trying to close the browser ChromeDriver ...</td>
</tr>
